<?xml version="1.0" encoding="UTF-8"?>
<!-- Generated by org.testng.reporters.JUnitXMLReporter -->
<testsuite ignored="0" hostname="TN-LAP-0342" failures="0" tests="2" name="Banking-System Home Page Test_chrome" time="26.235" errors="0" timestamp="2026-07-05T13:15:58 BDT">
  <testcase classname="tests.CheckoutTest" name="verifyUserCanPlaceOrder" time="7.931"/>
  <testcase classname="tests.LogoutTest" name="verifyUserCanLogout" time="3.404"/>
</testsuite> <!-- Banking-System Home Page Test_chrome -->
